desc sdb_operators
desc sdb_operators
select * from  sdb_operators
desc sdb_orders
select * from sdb_orders
select ip from sdb_orders
select * from sdb_gimages
select * from sdb_gimages order by gimags_id DESC
select * from sdb_gimages order by gimags_id
select * from sdb_gimages
select * from sdb_gimages order by gimage_id DESC
select * from sdb_goods
select * from sdb_goods order by goods_id DESC
show tables
select * from sdb_goods_keywords
select * from sdb_gimages order by gimage_id DESC
select * from sdb_gimages order by gimage_id DESC
select * from sdb_gimages order by gimage_id DESC
select * from sdb_gimages order by gimage_id DESC
select * from sdb_goods order by goods_id DESC
select * from sdb_goods
select * from sdb_gimages order by gimage_id DESC
select * from sdb_gimages order by gimage_id DESC
select * from sdb_gimages order by gimage_id DESC
select * from sdb_gimages order by gimage_id DESC
select * from sdb_gimages order by gimage_id DESC
select * from sdb_gimages order by gimage_id DESC
select * from sdb_gimages order by gimage_id DESC
select * from sdb_gimages order by gimage_id DESC
select * from sdb_gimages order by gimage_id DESC
select * from sdb_gimages order by gimage_id DESC
show tables
show tables
